<?xml version="1.0" encoding="UTF-8"?>
<!-- Generated by org.testng.reporters.JUnitReportReporter -->
<testsuite hostname="LAPTOP-V087DA5K" name="Academy.validateNavigationBar" tests="1" failures="0" timestamp="5 Apr 2019 19:36:23 GMT" time="0.056" errors="0">
  <testcase name="basePageNavigation" time="0.056" classname="Academy.validateNavigationBar"/>
</testsuite> <!-- Academy.validateNavigationBar -->
