<?xml version="1.0" encoding="UTF-8"?>
<!-- Generated by org.testng.reporters.JUnitReportReporter -->
<testsuite hostname="LAPTOP-V087DA5K" name="Academy.HomePage" tests="2" failures="0" timestamp="5 Apr 2019 19:36:23 GMT" time="46.253" errors="0">
  <testcase name="basePageNavigation" time="39.980" classname="Academy.HomePage"/>
  <testcase name="basePageNavigation" time="6.273" classname="Academy.HomePage"/>
</testsuite> <!-- Academy.HomePage -->
